2018-02-16 21:40:04.664  INFO 77578 --- [main] c.s.library.test.BookControllerTest      : Starting BookControllerTest on Sathishs-Mac-mini.local with PID 77578 (started by sathishvijayakumar in /Users/sathishvijayakumar/Documents/workspace/libraryapi)
2018-02-16 21:40:04.666  INFO 77578 --- [main] c.s.library.test.BookControllerTest      : The following profiles are active: test
2018-02-16 21:40:04.719  INFO 77578 --- [main] o.s.w.c.s.GenericWebApplicationContext   : Refreshing org.springframework.web.context.support.GenericWebApplicationContext@45d84a20: startup date [Fri Feb 16 21:40:04 EST 2018]; root of context hierarchy
2018-02-16 21:40:07.468  INFO 77578 --- [main] j.LocalContainerEntityManagerFactoryBean : Building JPA container EntityManagerFactory for persistence unit 'default'
2018-02-16 21:40:07.495  INFO 77578 --- [main] o.hibernate.jpa.internal.util.LogHelper  : HHH000204: Processing PersistenceUnitInfo [
	name: default
	...]
2018-02-16 21:40:07.585  INFO 77578 --- [main] org.hibernate.Version                    : HHH000412: Hibernate Core {5.0.12.Final}
2018-02-16 21:40:07.587  INFO 77578 --- [main] org.hibernate.cfg.Environment            : HHH000206: hibernate.properties not found
2018-02-16 21:40:07.589  INFO 77578 --- [main] org.hibernate.cfg.Environment            : HHH000021: Bytecode provider name : javassist
2018-02-16 21:40:07.633  INFO 77578 --- [main] o.hibernate.annotations.common.Version   : HCANN000001: Hibernate Commons Annotations {5.0.1.Final}
2018-02-16 21:40:07.744  INFO 77578 --- [main] org.hibernate.dialect.Dialect            : HHH000400: Using dialect: org.hibernate.dialect.H2Dialect
2018-02-16 21:40:08.477  INFO 77578 --- [main] org.hibernate.tool.hbm2ddl.SchemaExport  : HHH000227: Running hbm2ddl schema export
2018-02-16 21:40:08.502  INFO 77578 --- [main] org.hibernate.tool.hbm2ddl.SchemaExport  : HHH000230: Schema export complete
2018-02-16 21:40:08.541  INFO 77578 --- [main] j.LocalContainerEntityManagerFactoryBean : Initialized JPA EntityManagerFactory for persistence unit 'default'
2018-02-16 21:40:09.742  INFO 77578 --- [main] s.w.s.m.m.a.RequestMappingHandlerAdapter : Looking for @ControllerAdvice: org.springframework.web.context.support.GenericWebApplicationContext@45d84a20: startup date [Fri Feb 16 21:40:04 EST 2018]; root of context hierarchy
2018-02-16 21:40:09.851  INFO 77578 --- [main] s.w.s.m.m.a.RequestMappingHandlerMapping : Mapped "{[/library/books],methods=[POST],consumes=[application/json || application/xml],produces=[application/json || application/xml]}" onto public void com.sathish.library.api.rest.BookController.createBook(com.sathish.library.domain.Book,javax.servlet.http.HttpServletRequest,javax.servlet.http.HttpServletResponse)
2018-02-16 21:40:09.853  INFO 77578 --- [main] s.w.s.m.m.a.RequestMappingHandlerMapping : Mapped "{[/library/books],methods=[GET],produces=[application/json || application/xml]}" onto public org.springframework.data.domain.Page<com.sathish.library.domain.Book> com.sathish.library.api.rest.BookController.getAllBook(java.lang.Integer,java.lang.Integer,javax.servlet.http.HttpServletRequest,javax.servlet.http.HttpServletResponse)
2018-02-16 21:40:09.854  INFO 77578 --- [main] s.w.s.m.m.a.RequestMappingHandlerMapping : Mapped "{[/library/books/{id}],methods=[GET],produces=[application/json || application/xml]}" onto public com.sathish.library.domain.Book com.sathish.library.api.rest.BookController.getBook(java.lang.Long,javax.servlet.http.HttpServletRequest,javax.servlet.http.HttpServletResponse) throws java.lang.Exception
2018-02-16 21:40:09.854  INFO 77578 --- [main] s.w.s.m.m.a.RequestMappingHandlerMapping : Mapped "{[/library/books/{id}],methods=[PUT],consumes=[application/json || application/xml],produces=[application/json || application/xml]}" onto public void com.sathish.library.api.rest.BookController.updateBook(java.lang.Long,com.sathish.library.domain.Book,javax.servlet.http.HttpServletRequest,javax.servlet.http.HttpServletResponse)
2018-02-16 21:40:09.855  INFO 77578 --- [main] s.w.s.m.m.a.RequestMappingHandlerMapping : Mapped "{[/library/books/{id}],methods=[DELETE],produces=[application/json || application/xml]}" onto public void com.sathish.library.api.rest.BookController.deleteBook(java.lang.Long,javax.servlet.http.HttpServletRequest,javax.servlet.http.HttpServletResponse)
2018-02-16 21:40:09.859  INFO 77578 --- [main] s.w.s.m.m.a.RequestMappingHandlerMapping : Mapped "{[/library/members/{id}],methods=[GET],produces=[application/json || application/xml]}" onto public com.sathish.library.domain.Member com.sathish.library.api.rest.MemberController.getMember(java.lang.Long,javax.servlet.http.HttpServletRequest,javax.servlet.http.HttpServletResponse) throws java.lang.Exception
2018-02-16 21:40:09.860  INFO 77578 --- [main] s.w.s.m.m.a.RequestMappingHandlerMapping : Mapped "{[/library/members],methods=[POST],consumes=[application/json || application/xml],produces=[application/json || application/xml]}" onto public void com.sathish.library.api.rest.MemberController.createMember(com.sathish.library.domain.Member,javax.servlet.http.HttpServletRequest,javax.servlet.http.HttpServletResponse)
2018-02-16 21:40:09.860  INFO 77578 --- [main] s.w.s.m.m.a.RequestMappingHandlerMapping : Mapped "{[/library/members],methods=[GET],produces=[application/json || application/xml]}" onto public org.springframework.data.domain.Page<com.sathish.library.domain.Member> com.sathish.library.api.rest.MemberController.getAllMember(java.lang.Integer,java.lang.Integer,javax.servlet.http.HttpServletRequest,javax.servlet.http.HttpServletResponse)
2018-02-16 21:40:09.864  INFO 77578 --- [main] s.w.s.m.m.a.RequestMappingHandlerMapping : Mapped "{[/library/members/{id}],methods=[PUT],consumes=[application/json || application/xml],produces=[application/json || application/xml]}" onto public void com.sathish.library.api.rest.MemberController.updateMember(java.lang.Long,com.sathish.library.domain.Member,javax.servlet.http.HttpServletRequest,javax.servlet.http.HttpServletResponse)
2018-02-16 21:40:09.865  INFO 77578 --- [main] s.w.s.m.m.a.RequestMappingHandlerMapping : Mapped "{[/library/members/{id}],methods=[DELETE],produces=[application/json || application/xml]}" onto public void com.sathish.library.api.rest.MemberController.deleteMember(java.lang.Long,javax.servlet.http.HttpServletRequest,javax.servlet.http.HttpServletResponse)
2018-02-16 21:40:09.867  INFO 77578 --- [main] s.w.s.m.m.a.RequestMappingHandlerMapping : Mapped "{[/error]}" onto public org.springframework.http.ResponseEntity<java.util.Map<java.lang.String, java.lang.Object>> org.springframework.boot.autoconfigure.web.BasicErrorController.error(javax.servlet.http.HttpServletRequest)
2018-02-16 21:40:09.868  INFO 77578 --- [main] s.w.s.m.m.a.RequestMappingHandlerMapping : Mapped "{[/error],produces=[text/html]}" onto public org.springframework.web.servlet.ModelAndView org.springframework.boot.autoconfigure.web.BasicErrorController.errorHtml(javax.servlet.http.HttpServletRequest,javax.servlet.http.HttpServletResponse)
2018-02-16 21:40:09.908  INFO 77578 --- [main] o.s.w.s.handler.SimpleUrlHandlerMapping  : Mapped URL path [/webjars/**] onto handler of type [class org.springframework.web.servlet.resource.ResourceHttpRequestHandler]
2018-02-16 21:40:09.908  INFO 77578 --- [main] o.s.w.s.handler.SimpleUrlHandlerMapping  : Mapped URL path [/**] onto handler of type [class org.springframework.web.servlet.resource.ResourceHttpRequestHandler]
2018-02-16 21:40:09.966  INFO 77578 --- [main] o.s.w.s.handler.SimpleUrlHandlerMapping  : Mapped URL path [/**/favicon.ico] onto handler of type [class org.springframework.web.servlet.resource.ResourceHttpRequestHandler]
2018-02-16 21:40:10.294  INFO 77578 --- [main] b.a.s.AuthenticationManagerConfiguration : 

Using default security password: d755ca2b-0ef2-4677-a62c-9bcf552c741e

2018-02-16 21:40:10.368  INFO 77578 --- [main] o.s.s.web.DefaultSecurityFilterChain     : Creating filter chain: OrRequestMatcher [requestMatchers=[Ant [pattern='/css/**'], Ant [pattern='/js/**'], Ant [pattern='/images/**'], Ant [pattern='/webjars/**'], Ant [pattern='/**/favicon.ico'], Ant [pattern='/error']]], []
2018-02-16 21:40:10.776  INFO 77578 --- [main] o.s.b.a.e.mvc.EndpointHandlerMapping     : Mapped "{[/dump || /dump.json],methods=[GET],produces=[application/vnd.spring-boot.actuator.v1+json || application/json]}" onto public java.lang.Object org.springframework.boot.actuate.endpoint.mvc.EndpointMvcAdapter.invoke()
2018-02-16 21:40:10.779  INFO 77578 --- [main] o.s.b.a.e.mvc.EndpointHandlerMapping     : Mapped "{[/info || /info.json],methods=[GET],produces=[application/vnd.spring-boot.actuator.v1+json || application/json]}" onto public java.lang.Object org.springframework.boot.actuate.endpoint.mvc.EndpointMvcAdapter.invoke()
2018-02-16 21:40:10.781  INFO 77578 --- [main] o.s.b.a.e.mvc.EndpointHandlerMapping     : Mapped "{[/loggers/{name:.*}],methods=[GET],produces=[application/vnd.spring-boot.actuator.v1+json || application/json]}" onto public java.lang.Object org.springframework.boot.actuate.endpoint.mvc.LoggersMvcEndpoint.get(java.lang.String)
2018-02-16 21:40:10.782  INFO 77578 --- [main] o.s.b.a.e.mvc.EndpointHandlerMapping     : Mapped "{[/loggers/{name:.*}],methods=[POST],consumes=[application/vnd.spring-boot.actuator.v1+json || application/json],produces=[application/vnd.spring-boot.actuator.v1+json || application/json]}" onto public java.lang.Object org.springframework.boot.actuate.endpoint.mvc.LoggersMvcEndpoint.set(java.lang.String,java.util.Map<java.lang.String, java.lang.String>)
2018-02-16 21:40:10.782  INFO 77578 --- [main] o.s.b.a.e.mvc.EndpointHandlerMapping     : Mapped "{[/loggers || /loggers.json],methods=[GET],produces=[application/vnd.spring-boot.actuator.v1+json || application/json]}" onto public java.lang.Object org.springframework.boot.actuate.endpoint.mvc.EndpointMvcAdapter.invoke()
2018-02-16 21:40:10.783  INFO 77578 --- [main] o.s.b.a.e.mvc.EndpointHandlerMapping     : Mapped "{[/mappings || /mappings.json],methods=[GET],produces=[application/vnd.spring-boot.actuator.v1+json || application/json]}" onto public java.lang.Object org.springframework.boot.actuate.endpoint.mvc.EndpointMvcAdapter.invoke()
2018-02-16 21:40:10.783  INFO 77578 --- [main] o.s.b.a.e.mvc.EndpointHandlerMapping     : Mapped "{[/beans || /beans.json],methods=[GET],produces=[application/vnd.spring-boot.actuator.v1+json || application/json]}" onto public java.lang.Object org.springframework.boot.actuate.endpoint.mvc.EndpointMvcAdapter.invoke()
2018-02-16 21:40:10.784  INFO 77578 --- [main] o.s.b.a.e.mvc.EndpointHandlerMapping     : Mapped "{[/health || /health.json],methods=[GET],produces=[application/vnd.spring-boot.actuator.v1+json || application/json]}" onto public java.lang.Object org.springframework.boot.actuate.endpoint.mvc.HealthMvcEndpoint.invoke(javax.servlet.http.HttpServletRequest,java.security.Principal)
2018-02-16 21:40:10.785  INFO 77578 --- [main] o.s.b.a.e.mvc.EndpointHandlerMapping     : Mapped "{[/trace || /trace.json],methods=[GET],produces=[application/vnd.spring-boot.actuator.v1+json || application/json]}" onto public java.lang.Object org.springframework.boot.actuate.endpoint.mvc.EndpointMvcAdapter.invoke()
2018-02-16 21:40:10.787  INFO 77578 --- [main] o.s.b.a.e.mvc.EndpointHandlerMapping     : Mapped "{[/heapdump || /heapdump.json],methods=[GET],produces=[application/octet-stream]}" onto public void org.springframework.boot.actuate.endpoint.mvc.HeapdumpMvcEndpoint.invoke(boolean,javax.servlet.http.HttpServletRequest,javax.servlet.http.HttpServletResponse) throws java.io.IOException,javax.servlet.ServletException
2018-02-16 21:40:10.789  INFO 77578 --- [main] o.s.b.a.e.mvc.EndpointHandlerMapping     : Mapped "{[/auditevents || /auditevents.json],methods=[GET],produces=[application/vnd.spring-boot.actuator.v1+json || application/json]}" onto public org.springframework.http.ResponseEntity<?> org.springframework.boot.actuate.endpoint.mvc.AuditEventsMvcEndpoint.findByPrincipalAndAfterAndType(java.lang.String,java.util.Date,java.lang.String)
2018-02-16 21:40:10.790  INFO 77578 --- [main] o.s.b.a.e.mvc.EndpointHandlerMapping     : Mapped "{[/configprops || /configprops.json],methods=[GET],produces=[application/vnd.spring-boot.actuator.v1+json || application/json]}" onto public java.lang.Object org.springframework.boot.actuate.endpoint.mvc.EndpointMvcAdapter.invoke()
2018-02-16 21:40:10.791  INFO 77578 --- [main] o.s.b.a.e.mvc.EndpointHandlerMapping     : Mapped "{[/autoconfig || /autoconfig.json],methods=[GET],produces=[application/vnd.spring-boot.actuator.v1+json || application/json]}" onto public java.lang.Object org.springframework.boot.actuate.endpoint.mvc.EndpointMvcAdapter.invoke()
2018-02-16 21:40:10.793  INFO 77578 --- [main] o.s.b.a.e.mvc.EndpointHandlerMapping     : Mapped "{[/logfile || /logfile.json],methods=[GET || HEAD]}" onto public void org.springframework.boot.actuate.endpoint.mvc.LogFileMvcEndpoint.invoke(javax.servlet.http.HttpServletRequest,javax.servlet.http.HttpServletResponse) throws javax.servlet.ServletException,java.io.IOException
2018-02-16 21:40:10.794  INFO 77578 --- [main] o.s.b.a.e.mvc.EndpointHandlerMapping     : Mapped "{[/metrics/{name:.*}],methods=[GET],produces=[application/vnd.spring-boot.actuator.v1+json || application/json]}" onto public java.lang.Object org.springframework.boot.actuate.endpoint.mvc.MetricsMvcEndpoint.value(java.lang.String)
2018-02-16 21:40:10.795  INFO 77578 --- [main] o.s.b.a.e.mvc.EndpointHandlerMapping     : Mapped "{[/metrics || /metrics.json],methods=[GET],produces=[application/vnd.spring-boot.actuator.v1+json || application/json]}" onto public java.lang.Object org.springframework.boot.actuate.endpoint.mvc.EndpointMvcAdapter.invoke()
2018-02-16 21:40:10.796  INFO 77578 --- [main] o.s.b.a.e.mvc.EndpointHandlerMapping     : Mapped "{[/env/{name:.*}],methods=[GET],produces=[application/vnd.spring-boot.actuator.v1+json || application/json]}" onto public java.lang.Object org.springframework.boot.actuate.endpoint.mvc.EnvironmentMvcEndpoint.value(java.lang.String)
2018-02-16 21:40:10.797  INFO 77578 --- [main] o.s.b.a.e.mvc.EndpointHandlerMapping     : Mapped "{[/env || /env.json],methods=[GET],produces=[application/vnd.spring-boot.actuator.v1+json || application/json]}" onto public java.lang.Object org.springframework.boot.actuate.endpoint.mvc.EndpointMvcAdapter.invoke()
2018-02-16 21:40:10.799  INFO 77578 --- [main] o.s.s.web.DefaultSecurityFilterChain     : Creating filter chain: org.springframework.boot.actuate.autoconfigure.ManagementWebSecurityAutoConfiguration$LazyEndpointPathRequestMatcher@586737ff, [org.springframework.security.web.context.request.async.WebAsyncManagerIntegrationFilter@4cd7e993, org.springframework.security.web.context.SecurityContextPersistenceFilter@156324b, org.springframework.security.web.header.HeaderWriterFilter@3d88ce0e, org.springframework.web.filter.CorsFilter@685e6a68, org.springframework.security.web.authentication.logout.LogoutFilter@4de91056, org.springframework.security.web.authentication.www.BasicAuthenticationFilter@6afeaf2d, org.springframework.security.web.savedrequest.RequestCacheAwareFilter@1e29a81a, org.springframework.security.web.servletapi.SecurityContextHolderAwareRequestFilter@305aaedf, org.springframework.security.web.authentication.AnonymousAuthenticationFilter@2fb48970, org.springframework.security.web.session.SessionManagementFilter@6f8ac8d5, org.springframework.security.web.access.ExceptionTranslationFilter@70884875, org.springframework.security.web.access.intercept.FilterSecurityInterceptor@2f07930a]
2018-02-16 21:40:10.814  INFO 77578 --- [main] o.s.s.web.DefaultSecurityFilterChain     : Creating filter chain: org.springframework.boot.autoconfigure.security.SpringBootWebSecurityConfiguration$ApplicationNoWebSecurityConfigurerAdapter$1@20faaf77, [org.springframework.security.web.context.request.async.WebAsyncManagerIntegrationFilter@7440265c, org.springframework.security.web.context.SecurityContextPersistenceFilter@632c3f55, org.springframework.security.web.header.HeaderWriterFilter@72a3462f, org.springframework.security.web.csrf.CsrfFilter@65d7eea4, org.springframework.security.web.authentication.logout.LogoutFilter@22aefae0, org.springframework.security.web.savedrequest.RequestCacheAwareFilter@56b05bd7, org.springframework.security.web.servletapi.SecurityContextHolderAwareRequestFilter@3e4afd10, org.springframework.security.web.authentication.AnonymousAuthenticationFilter@1d8be7b9, org.springframework.security.web.session.SessionManagementFilter@4ffa7041, org.springframework.security.web.access.ExceptionTranslationFilter@1224e1b6]
2018-02-16 21:40:11.206  INFO 77578 --- [main] c.s.library.test.BookControllerTest      : Started BookControllerTest in 7.188 seconds (JVM running for 7.977)
2018-02-16 21:40:11.284  INFO 77578 --- [main] o.s.b.t.m.w.SpringBootMockServletContext : Initializing Spring FrameworkServlet ''
2018-02-16 21:40:11.284  INFO 77578 --- [main] o.s.t.web.servlet.TestDispatcherServlet  : FrameworkServlet '': initialization started
2018-02-16 21:40:11.303  INFO 77578 --- [main] o.s.t.web.servlet.TestDispatcherServlet  : FrameworkServlet '': initialization completed in 18 ms
2018-02-16 21:40:11.626  INFO 77578 --- [main] c.s.library.api.rest.BookController      : ResourceNotFoundException handler:resource not found
2018-02-16 21:40:11.646  INFO 77578 --- [Thread-3] o.s.w.c.s.GenericWebApplicationContext   : Closing org.springframework.web.context.support.GenericWebApplicationContext@45d84a20: startup date [Fri Feb 16 21:40:04 EST 2018]; root of context hierarchy
2018-02-16 21:40:11.677  INFO 77578 --- [Thread-3] j.LocalContainerEntityManagerFactoryBean : Closing JPA EntityManagerFactory for persistence unit 'default'
2018-02-16 21:40:11.678  INFO 77578 --- [Thread-3] org.hibernate.tool.hbm2ddl.SchemaExport  : HHH000227: Running hbm2ddl schema export
2018-02-16 21:40:11.684  INFO 77578 --- [Thread-3] org.hibernate.tool.hbm2ddl.SchemaExport  : HHH000230: Schema export complete
2018-02-16 22:21:33.388  INFO 77732 --- [main] c.s.library.test.BookControllerTest      : Starting BookControllerTest on Sathishs-Mac-mini.local with PID 77732 (started by sathishvijayakumar in /Users/sathishvijayakumar/Documents/workspace/libraryapi)
2018-02-16 22:21:33.390  INFO 77732 --- [main] c.s.library.test.BookControllerTest      : The following profiles are active: test
2018-02-16 22:21:33.449  INFO 77732 --- [main] o.s.w.c.s.GenericWebApplicationContext   : Refreshing org.springframework.web.context.support.GenericWebApplicationContext@45d84a20: startup date [Fri Feb 16 22:21:33 EST 2018]; root of context hierarchy
2018-02-16 22:21:36.210  INFO 77732 --- [main] j.LocalContainerEntityManagerFactoryBean : Building JPA container EntityManagerFactory for persistence unit 'default'
2018-02-16 22:21:36.241  INFO 77732 --- [main] o.hibernate.jpa.internal.util.LogHelper  : HHH000204: Processing PersistenceUnitInfo [
	name: default
	...]
2018-02-16 22:21:36.339  INFO 77732 --- [main] org.hibernate.Version                    : HHH000412: Hibernate Core {5.0.12.Final}
2018-02-16 22:21:36.340  INFO 77732 --- [main] org.hibernate.cfg.Environment            : HHH000206: hibernate.properties not found
2018-02-16 22:21:36.342  INFO 77732 --- [main] org.hibernate.cfg.Environment            : HHH000021: Bytecode provider name : javassist
2018-02-16 22:21:36.381  INFO 77732 --- [main] o.hibernate.annotations.common.Version   : HCANN000001: Hibernate Commons Annotations {5.0.1.Final}
2018-02-16 22:21:36.485  INFO 77732 --- [main] org.hibernate.dialect.Dialect            : HHH000400: Using dialect: org.hibernate.dialect.H2Dialect
2018-02-16 22:21:37.164  INFO 77732 --- [main] org.hibernate.tool.hbm2ddl.SchemaExport  : HHH000227: Running hbm2ddl schema export
2018-02-16 22:21:37.190  INFO 77732 --- [main] org.hibernate.tool.hbm2ddl.SchemaExport  : HHH000230: Schema export complete
2018-02-16 22:21:37.230  INFO 77732 --- [main] j.LocalContainerEntityManagerFactoryBean : Initialized JPA EntityManagerFactory for persistence unit 'default'
2018-02-16 22:21:38.431  INFO 77732 --- [main] s.w.s.m.m.a.RequestMappingHandlerAdapter : Looking for @ControllerAdvice: org.springframework.web.context.support.GenericWebApplicationContext@45d84a20: startup date [Fri Feb 16 22:21:33 EST 2018]; root of context hierarchy
2018-02-16 22:21:38.531  INFO 77732 --- [main] s.w.s.m.m.a.RequestMappingHandlerMapping : Mapped "{[/library/books/{id}],methods=[GET],produces=[application/json || application/xml]}" onto public com.sathish.library.domain.Book com.sathish.library.api.rest.BookController.getBook(java.lang.Long,javax.servlet.http.HttpServletRequest,javax.servlet.http.HttpServletResponse) throws java.lang.Exception
2018-02-16 22:21:38.533  INFO 77732 --- [main] s.w.s.m.m.a.RequestMappingHandlerMapping : Mapped "{[/library/books],methods=[POST],consumes=[application/json || application/xml],produces=[application/json || application/xml]}" onto public void com.sathish.library.api.rest.BookController.createBook(com.sathish.library.domain.Book,javax.servlet.http.HttpServletRequest,javax.servlet.http.HttpServletResponse)
2018-02-16 22:21:38.534  INFO 77732 --- [main] s.w.s.m.m.a.RequestMappingHandlerMapping : Mapped "{[/library/books],methods=[GET],produces=[application/json || application/xml]}" onto public org.springframework.data.domain.Page<com.sathish.library.domain.Book> com.sathish.library.api.rest.BookController.getAllBook(java.lang.Integer,java.lang.Integer,javax.servlet.http.HttpServletRequest,javax.servlet.http.HttpServletResponse)
2018-02-16 22:21:38.535  INFO 77732 --- [main] s.w.s.m.m.a.RequestMappingHandlerMapping : Mapped "{[/library/books/{id}],methods=[PUT],consumes=[application/json || application/xml],produces=[application/json || application/xml]}" onto public void com.sathish.library.api.rest.BookController.updateBook(java.lang.Long,com.sathish.library.domain.Book,javax.servlet.http.HttpServletRequest,javax.servlet.http.HttpServletResponse)
2018-02-16 22:21:38.536  INFO 77732 --- [main] s.w.s.m.m.a.RequestMappingHandlerMapping : Mapped "{[/library/books/{id}],methods=[DELETE],produces=[application/json || application/xml]}" onto public void com.sathish.library.api.rest.BookController.deleteBook(java.lang.Long,javax.servlet.http.HttpServletRequest,javax.servlet.http.HttpServletResponse)
2018-02-16 22:21:38.539  INFO 77732 --- [main] s.w.s.m.m.a.RequestMappingHandlerMapping : Mapped "{[/library/members/{id}],methods=[GET],produces=[application/json || application/xml]}" onto public com.sathish.library.domain.Member com.sathish.library.api.rest.MemberController.getMember(java.lang.Long,javax.servlet.http.HttpServletRequest,javax.servlet.http.HttpServletResponse) throws java.lang.Exception
2018-02-16 22:21:38.540  INFO 77732 --- [main] s.w.s.m.m.a.RequestMappingHandlerMapping : Mapped "{[/library/members],methods=[POST],consumes=[application/json || application/xml],produces=[application/json || application/xml]}" onto public void com.sathish.library.api.rest.MemberController.createMember(com.sathish.library.domain.Member,javax.servlet.http.HttpServletRequest,javax.servlet.http.HttpServletResponse)
2018-02-16 22:21:38.541  INFO 77732 --- [main] s.w.s.m.m.a.RequestMappingHandlerMapping : Mapped "{[/library/members],methods=[GET],produces=[application/json || application/xml]}" onto public org.springframework.data.domain.Page<com.sathish.library.domain.Member> com.sathish.library.api.rest.MemberController.getAllMember(java.lang.Integer,java.lang.Integer,javax.servlet.http.HttpServletRequest,javax.servlet.http.HttpServletResponse)
2018-02-16 22:21:38.544  INFO 77732 --- [main] s.w.s.m.m.a.RequestMappingHandlerMapping : Mapped "{[/library/members/{id}],methods=[PUT],consumes=[application/json || application/xml],produces=[application/json || application/xml]}" onto public void com.sathish.library.api.rest.MemberController.updateMember(java.lang.Long,com.sathish.library.domain.Member,javax.servlet.http.HttpServletRequest,javax.servlet.http.HttpServletResponse)
2018-02-16 22:21:38.544  INFO 77732 --- [main] s.w.s.m.m.a.RequestMappingHandlerMapping : Mapped "{[/library/members/{id}],methods=[DELETE],produces=[application/json || application/xml]}" onto public void com.sathish.library.api.rest.MemberController.deleteMember(java.lang.Long,javax.servlet.http.HttpServletRequest,javax.servlet.http.HttpServletResponse)
2018-02-16 22:21:38.546  INFO 77732 --- [main] s.w.s.m.m.a.RequestMappingHandlerMapping : Mapped "{[/error]}" onto public org.springframework.http.ResponseEntity<java.util.Map<java.lang.String, java.lang.Object>> org.springframework.boot.autoconfigure.web.BasicErrorController.error(javax.servlet.http.HttpServletRequest)
2018-02-16 22:21:38.547  INFO 77732 --- [main] s.w.s.m.m.a.RequestMappingHandlerMapping : Mapped "{[/error],produces=[text/html]}" onto public org.springframework.web.servlet.ModelAndView org.springframework.boot.autoconfigure.web.BasicErrorController.errorHtml(javax.servlet.http.HttpServletRequest,javax.servlet.http.HttpServletResponse)
2018-02-16 22:21:38.594  INFO 77732 --- [main] o.s.w.s.handler.SimpleUrlHandlerMapping  : Mapped URL path [/webjars/**] onto handler of type [class org.springframework.web.servlet.resource.ResourceHttpRequestHandler]
2018-02-16 22:21:38.594  INFO 77732 --- [main] o.s.w.s.handler.SimpleUrlHandlerMapping  : Mapped URL path [/**] onto handler of type [class org.springframework.web.servlet.resource.ResourceHttpRequestHandler]
2018-02-16 22:21:38.657  INFO 77732 --- [main] o.s.w.s.handler.SimpleUrlHandlerMapping  : Mapped URL path [/**/favicon.ico] onto handler of type [class org.springframework.web.servlet.resource.ResourceHttpRequestHandler]
2018-02-16 22:21:38.989  INFO 77732 --- [main] b.a.s.AuthenticationManagerConfiguration : 

Using default security password: c3842e74-c98d-45e8-899c-5b7beccaf741

2018-02-16 22:21:39.080  INFO 77732 --- [main] o.s.s.web.DefaultSecurityFilterChain     : Creating filter chain: OrRequestMatcher [requestMatchers=[Ant [pattern='/css/**'], Ant [pattern='/js/**'], Ant [pattern='/images/**'], Ant [pattern='/webjars/**'], Ant [pattern='/**/favicon.ico'], Ant [pattern='/error']]], []
2018-02-16 22:21:39.478  INFO 77732 --- [main] o.s.b.a.e.mvc.EndpointHandlerMapping     : Mapped "{[/logfile || /logfile.json],methods=[GET || HEAD]}" onto public void org.springframework.boot.actuate.endpoint.mvc.LogFileMvcEndpoint.invoke(javax.servlet.http.HttpServletRequest,javax.servlet.http.HttpServletResponse) throws javax.servlet.ServletException,java.io.IOException
2018-02-16 22:21:39.480  INFO 77732 --- [main] o.s.b.a.e.mvc.EndpointHandlerMapping     : Mapped "{[/info || /info.json],methods=[GET],produces=[application/vnd.spring-boot.actuator.v1+json || application/json]}" onto public java.lang.Object org.springframework.boot.actuate.endpoint.mvc.EndpointMvcAdapter.invoke()
2018-02-16 22:21:39.483  INFO 77732 --- [main] o.s.b.a.e.mvc.EndpointHandlerMapping     : Mapped "{[/configprops || /configprops.json],methods=[GET],produces=[application/vnd.spring-boot.actuator.v1+json || application/json]}" onto public java.lang.Object org.springframework.boot.actuate.endpoint.mvc.EndpointMvcAdapter.invoke()
2018-02-16 22:21:39.485  INFO 77732 --- [main] o.s.b.a.e.mvc.EndpointHandlerMapping     : Mapped "{[/heapdump || /heapdump.json],methods=[GET],produces=[application/octet-stream]}" onto public void org.springframework.boot.actuate.endpoint.mvc.HeapdumpMvcEndpoint.invoke(boolean,javax.servlet.http.HttpServletRequest,javax.servlet.http.HttpServletResponse) throws java.io.IOException,javax.servlet.ServletException
2018-02-16 22:21:39.487  INFO 77732 --- [main] o.s.b.a.e.mvc.EndpointHandlerMapping     : Mapped "{[/health || /health.json],methods=[GET],produces=[application/vnd.spring-boot.actuator.v1+json || application/json]}" onto public java.lang.Object org.springframework.boot.actuate.endpoint.mvc.HealthMvcEndpoint.invoke(javax.servlet.http.HttpServletRequest,java.security.Principal)
2018-02-16 22:21:39.489  INFO 77732 --- [main] o.s.b.a.e.mvc.EndpointHandlerMapping     : Mapped "{[/trace || /trace.json],methods=[GET],produces=[application/vnd.spring-boot.actuator.v1+json || application/json]}" onto public java.lang.Object org.springframework.boot.actuate.endpoint.mvc.EndpointMvcAdapter.invoke()
2018-02-16 22:21:39.490  INFO 77732 --- [main] o.s.b.a.e.mvc.EndpointHandlerMapping     : Mapped "{[/autoconfig || /autoconfig.json],methods=[GET],produces=[application/vnd.spring-boot.actuator.v1+json || application/json]}" onto public java.lang.Object org.springframework.boot.actuate.endpoint.mvc.EndpointMvcAdapter.invoke()
2018-02-16 22:21:39.492  INFO 77732 --- [main] o.s.b.a.e.mvc.EndpointHandlerMapping     : Mapped "{[/dump || /dump.json],methods=[GET],produces=[application/vnd.spring-boot.actuator.v1+json || application/json]}" onto public java.lang.Object org.springframework.boot.actuate.endpoint.mvc.EndpointMvcAdapter.invoke()
2018-02-16 22:21:39.495  INFO 77732 --- [main] o.s.b.a.e.mvc.EndpointHandlerMapping     : Mapped "{[/env/{name:.*}],methods=[GET],produces=[application/vnd.spring-boot.actuator.v1+json || application/json]}" onto public java.lang.Object org.springframework.boot.actuate.endpoint.mvc.EnvironmentMvcEndpoint.value(java.lang.String)
2018-02-16 22:21:39.496  INFO 77732 --- [main] o.s.b.a.e.mvc.EndpointHandlerMapping     : Mapped "{[/env || /env.json],methods=[GET],produces=[application/vnd.spring-boot.actuator.v1+json || application/json]}" onto public java.lang.Object org.springframework.boot.actuate.endpoint.mvc.EndpointMvcAdapter.invoke()
2018-02-16 22:21:39.497  INFO 77732 --- [main] o.s.b.a.e.mvc.EndpointHandlerMapping     : Mapped "{[/auditevents || /auditevents.json],methods=[GET],produces=[application/vnd.spring-boot.actuator.v1+json || application/json]}" onto public org.springframework.http.ResponseEntity<?> org.springframework.boot.actuate.endpoint.mvc.AuditEventsMvcEndpoint.findByPrincipalAndAfterAndType(java.lang.String,java.util.Date,java.lang.String)
2018-02-16 22:21:39.499  INFO 77732 --- [main] o.s.b.a.e.mvc.EndpointHandlerMapping     : Mapped "{[/beans || /beans.json],methods=[GET],produces=[application/vnd.spring-boot.actuator.v1+json || application/json]}" onto public java.lang.Object org.springframework.boot.actuate.endpoint.mvc.EndpointMvcAdapter.invoke()
2018-02-16 22:21:39.500  INFO 77732 --- [main] o.s.b.a.e.mvc.EndpointHandlerMapping     : Mapped "{[/mappings || /mappings.json],methods=[GET],produces=[application/vnd.spring-boot.actuator.v1+json || application/json]}" onto public java.lang.Object org.springframework.boot.actuate.endpoint.mvc.EndpointMvcAdapter.invoke()
2018-02-16 22:21:39.503  INFO 77732 --- [main] o.s.b.a.e.mvc.EndpointHandlerMapping     : Mapped "{[/loggers/{name:.*}],methods=[GET],produces=[application/vnd.spring-boot.actuator.v1+json || application/json]}" onto public java.lang.Object org.springframework.boot.actuate.endpoint.mvc.LoggersMvcEndpoint.get(java.lang.String)
2018-02-16 22:21:39.505  INFO 77732 --- [main] o.s.b.a.e.mvc.EndpointHandlerMapping     : Mapped "{[/loggers/{name:.*}],methods=[POST],consumes=[application/vnd.spring-boot.actuator.v1+json || application/json],produces=[application/vnd.spring-boot.actuator.v1+json || application/json]}" onto public java.lang.Object org.springframework.boot.actuate.endpoint.mvc.LoggersMvcEndpoint.set(java.lang.String,java.util.Map<java.lang.String, java.lang.String>)
2018-02-16 22:21:39.506  INFO 77732 --- [main] o.s.b.a.e.mvc.EndpointHandlerMapping     : Mapped "{[/loggers || /loggers.json],methods=[GET],produces=[application/vnd.spring-boot.actuator.v1+json || application/json]}" onto public java.lang.Object org.springframework.boot.actuate.endpoint.mvc.EndpointMvcAdapter.invoke()
2018-02-16 22:21:39.507  INFO 77732 --- [main] o.s.b.a.e.mvc.EndpointHandlerMapping     : Mapped "{[/metrics/{name:.*}],methods=[GET],produces=[application/vnd.spring-boot.actuator.v1+json || application/json]}" onto public java.lang.Object org.springframework.boot.actuate.endpoint.mvc.MetricsMvcEndpoint.value(java.lang.String)
2018-02-16 22:21:39.508  INFO 77732 --- [main] o.s.b.a.e.mvc.EndpointHandlerMapping     : Mapped "{[/metrics || /metrics.json],methods=[GET],produces=[application/vnd.spring-boot.actuator.v1+json || application/json]}" onto public java.lang.Object org.springframework.boot.actuate.endpoint.mvc.EndpointMvcAdapter.invoke()
2018-02-16 22:21:39.511  INFO 77732 --- [main] o.s.s.web.DefaultSecurityFilterChain     : Creating filter chain: org.springframework.boot.actuate.autoconfigure.ManagementWebSecurityAutoConfiguration$LazyEndpointPathRequestMatcher@3de56885, [org.springframework.security.web.context.request.async.WebAsyncManagerIntegrationFilter@2673487b, org.springframework.security.web.context.SecurityContextPersistenceFilter@6fced25c, org.springframework.security.web.header.HeaderWriterFilter@49122853, org.springframework.web.filter.CorsFilter@2d07aacc, org.springframework.security.web.authentication.logout.LogoutFilter@7ff6804a, org.springframework.security.web.authentication.www.BasicAuthenticationFilter@416b1265, org.springframework.security.web.savedrequest.RequestCacheAwareFilter@1b94c789, org.springframework.security.web.servletapi.SecurityContextHolderAwareRequestFilter@1de73d37, org.springframework.security.web.authentication.AnonymousAuthenticationFilter@ff5d4f1, org.springframework.security.web.session.SessionManagementFilter@1e29a81a, org.springframework.security.web.access.ExceptionTranslationFilter@31f7eb8, org.springframework.security.web.access.intercept.FilterSecurityInterceptor@2bc0b8c8]
2018-02-16 22:21:39.530  INFO 77732 --- [main] o.s.s.web.DefaultSecurityFilterChain     : Creating filter chain: org.springframework.boot.autoconfigure.security.SpringBootWebSecurityConfiguration$ApplicationNoWebSecurityConfigurerAdapter$1@48d44b46, [org.springframework.security.web.context.request.async.WebAsyncManagerIntegrationFilter@aa0dbca, org.springframework.security.web.context.SecurityContextPersistenceFilter@7440265c, org.springframework.security.web.header.HeaderWriterFilter@22aefae0, org.springframework.security.web.csrf.CsrfFilter@72a3462f, org.springframework.security.web.authentication.logout.LogoutFilter@3d53e876, org.springframework.security.web.savedrequest.RequestCacheAwareFilter@1d8be7b9, org.springframework.security.web.servletapi.SecurityContextHolderAwareRequestFilter@48277712, org.springframework.security.web.authentication.AnonymousAuthenticationFilter@794cb26b, org.springframework.security.web.session.SessionManagementFilter@20faaf77, org.springframework.security.web.access.ExceptionTranslationFilter@3e4afd10]
2018-02-16 22:21:39.963  INFO 77732 --- [main] c.s.library.test.BookControllerTest      : Started BookControllerTest in 7.166 seconds (JVM running for 7.988)
2018-02-16 22:21:40.048  INFO 77732 --- [main] o.s.b.t.m.w.SpringBootMockServletContext : Initializing Spring FrameworkServlet ''
2018-02-16 22:21:40.049  INFO 77732 --- [main] o.s.t.web.servlet.TestDispatcherServlet  : FrameworkServlet '': initialization started
2018-02-16 22:21:40.070  INFO 77732 --- [main] o.s.t.web.servlet.TestDispatcherServlet  : FrameworkServlet '': initialization completed in 20 ms
2018-02-16 22:21:40.366  INFO 77732 --- [main] c.s.library.api.rest.BookController      : ResourceNotFoundException handler:resource not found
2018-02-16 22:21:40.386  INFO 77732 --- [Thread-3] o.s.w.c.s.GenericWebApplicationContext   : Closing org.springframework.web.context.support.GenericWebApplicationContext@45d84a20: startup date [Fri Feb 16 22:21:33 EST 2018]; root of context hierarchy
2018-02-16 22:21:40.394  INFO 77732 --- [Thread-3] j.LocalContainerEntityManagerFactoryBean : Closing JPA EntityManagerFactory for persistence unit 'default'
2018-02-16 22:21:40.395  INFO 77732 --- [Thread-3] org.hibernate.tool.hbm2ddl.SchemaExport  : HHH000227: Running hbm2ddl schema export
2018-02-16 22:21:40.408  INFO 77732 --- [Thread-3] org.hibernate.tool.hbm2ddl.SchemaExport  : HHH000230: Schema export complete
2018-02-16 22:38:09.826  INFO 77891 --- [main] c.s.library.test.BookControllerTest      : Starting BookControllerTest on Sathishs-Mac-mini.local with PID 77891 (started by sathishvijayakumar in /Users/sathishvijayakumar/Documents/workspace/libraryapi)
2018-02-16 22:38:09.828  INFO 77891 --- [main] c.s.library.test.BookControllerTest      : The following profiles are active: test
2018-02-16 22:38:09.881  INFO 77891 --- [main] o.s.w.c.s.GenericWebApplicationContext   : Refreshing org.springframework.web.context.support.GenericWebApplicationContext@45d84a20: startup date [Fri Feb 16 22:38:09 EST 2018]; root of context hierarchy
2018-02-16 22:38:12.747  INFO 77891 --- [main] j.LocalContainerEntityManagerFactoryBean : Building JPA container EntityManagerFactory for persistence unit 'default'
2018-02-16 22:38:12.776  INFO 77891 --- [main] o.hibernate.jpa.internal.util.LogHelper  : HHH000204: Processing PersistenceUnitInfo [
	name: default
	...]
2018-02-16 22:38:12.866  INFO 77891 --- [main] org.hibernate.Version                    : HHH000412: Hibernate Core {5.0.12.Final}
2018-02-16 22:38:12.868  INFO 77891 --- [main] org.hibernate.cfg.Environment            : HHH000206: hibernate.properties not found
2018-02-16 22:38:12.870  INFO 77891 --- [main] org.hibernate.cfg.Environment            : HHH000021: Bytecode provider name : javassist
2018-02-16 22:38:12.916  INFO 77891 --- [main] o.hibernate.annotations.common.Version   : HCANN000001: Hibernate Commons Annotations {5.0.1.Final}
2018-02-16 22:38:13.026  INFO 77891 --- [main] org.hibernate.dialect.Dialect            : HHH000400: Using dialect: org.hibernate.dialect.H2Dialect
2018-02-16 22:38:13.740  INFO 77891 --- [main] org.hibernate.tool.hbm2ddl.SchemaExport  : HHH000227: Running hbm2ddl schema export
2018-02-16 22:38:13.768  INFO 77891 --- [main] org.hibernate.tool.hbm2ddl.SchemaExport  : HHH000230: Schema export complete
2018-02-16 22:38:13.817  INFO 77891 --- [main] j.LocalContainerEntityManagerFactoryBean : Initialized JPA EntityManagerFactory for persistence unit 'default'
2018-02-16 22:38:14.998  INFO 77891 --- [main] s.w.s.m.m.a.RequestMappingHandlerAdapter : Looking for @ControllerAdvice: org.springframework.web.context.support.GenericWebApplicationContext@45d84a20: startup date [Fri Feb 16 22:38:09 EST 2018]; root of context hierarchy
2018-02-16 22:38:15.114  INFO 77891 --- [main] s.w.s.m.m.a.RequestMappingHandlerMapping : Mapped "{[/library/books],methods=[POST],consumes=[application/json || application/xml],produces=[application/json || application/xml]}" onto public void com.sathish.library.api.rest.BookController.createBook(com.sathish.library.domain.Book,javax.servlet.http.HttpServletRequest,javax.servlet.http.HttpServletResponse)
2018-02-16 22:38:15.116  INFO 77891 --- [main] s.w.s.m.m.a.RequestMappingHandlerMapping : Mapped "{[/library/books],methods=[GET],produces=[application/json || application/xml]}" onto public org.springframework.data.domain.Page<com.sathish.library.domain.Book> com.sathish.library.api.rest.BookController.getAllBook(java.lang.Integer,java.lang.Integer,javax.servlet.http.HttpServletRequest,javax.servlet.http.HttpServletResponse)
2018-02-16 22:38:15.116  INFO 77891 --- [main] s.w.s.m.m.a.RequestMappingHandlerMapping : Mapped "{[/library/books/{id}],methods=[GET],produces=[application/json || application/xml]}" onto public com.sathish.library.domain.Book com.sathish.library.api.rest.BookController.getBook(java.lang.Long,javax.servlet.http.HttpServletRequest,javax.servlet.http.HttpServletResponse) throws java.lang.Exception
2018-02-16 22:38:15.117  INFO 77891 --- [main] s.w.s.m.m.a.RequestMappingHandlerMapping : Mapped "{[/library/books/{id}],methods=[PUT],consumes=[application/json || application/xml],produces=[application/json || application/xml]}" onto public void com.sathish.library.api.rest.BookController.updateBook(java.lang.Long,com.sathish.library.domain.Book,javax.servlet.http.HttpServletRequest,javax.servlet.http.HttpServletResponse)
2018-02-16 22:38:15.118  INFO 77891 --- [main] s.w.s.m.m.a.RequestMappingHandlerMapping : Mapped "{[/library/books/{id}],methods=[DELETE],produces=[application/json || application/xml]}" onto public void com.sathish.library.api.rest.BookController.deleteBook(java.lang.Long,javax.servlet.http.HttpServletRequest,javax.servlet.http.HttpServletResponse)
2018-02-16 22:38:15.122  INFO 77891 --- [main] s.w.s.m.m.a.RequestMappingHandlerMapping : Mapped "{[/library/members/{id}],methods=[GET],produces=[application/json || application/xml]}" onto public com.sathish.library.domain.Member com.sathish.library.api.rest.MemberController.getMember(java.lang.Long,javax.servlet.http.HttpServletRequest,javax.servlet.http.HttpServletResponse) throws java.lang.Exception
2018-02-16 22:38:15.123  INFO 77891 --- [main] s.w.s.m.m.a.RequestMappingHandlerMapping : Mapped "{[/library/members],methods=[POST],consumes=[application/json || application/xml],produces=[application/json || application/xml]}" onto public void com.sathish.library.api.rest.MemberController.createMember(com.sathish.library.domain.Member,javax.servlet.http.HttpServletRequest,javax.servlet.http.HttpServletResponse)
2018-02-16 22:38:15.124  INFO 77891 --- [main] s.w.s.m.m.a.RequestMappingHandlerMapping : Mapped "{[/library/members/{id}],methods=[DELETE],produces=[application/json || application/xml]}" onto public void com.sathish.library.api.rest.MemberController.deleteMember(java.lang.Long,javax.servlet.http.HttpServletRequest,javax.servlet.http.HttpServletResponse)
2018-02-16 22:38:15.126  INFO 77891 --- [main] s.w.s.m.m.a.RequestMappingHandlerMapping : Mapped "{[/library/members],methods=[GET],produces=[application/json || application/xml]}" onto public org.springframework.data.domain.Page<com.sathish.library.domain.Member> com.sathish.library.api.rest.MemberController.getAllMember(java.lang.Integer,java.lang.Integer,javax.servlet.http.HttpServletRequest,javax.servlet.http.HttpServletResponse)
2018-02-16 22:38:15.127  INFO 77891 --- [main] s.w.s.m.m.a.RequestMappingHandlerMapping : Mapped "{[/library/members/{id}],methods=[PUT],consumes=[application/json || application/xml],produces=[application/json || application/xml]}" onto public void com.sathish.library.api.rest.MemberController.updateMember(java.lang.Long,com.sathish.library.domain.Member,javax.servlet.http.HttpServletRequest,javax.servlet.http.HttpServletResponse)
2018-02-16 22:38:15.130  INFO 77891 --- [main] s.w.s.m.m.a.RequestMappingHandlerMapping : Mapped "{[/error]}" onto public org.springframework.http.ResponseEntity<java.util.Map<java.lang.String, java.lang.Object>> org.springframework.boot.autoconfigure.web.BasicErrorController.error(javax.servlet.http.HttpServletRequest)
2018-02-16 22:38:15.131  INFO 77891 --- [main] s.w.s.m.m.a.RequestMappingHandlerMapping : Mapped "{[/error],produces=[text/html]}" onto public org.springframework.web.servlet.ModelAndView org.springframework.boot.autoconfigure.web.BasicErrorController.errorHtml(javax.servlet.http.HttpServletRequest,javax.servlet.http.HttpServletResponse)
2018-02-16 22:38:15.175  INFO 77891 --- [main] o.s.w.s.handler.SimpleUrlHandlerMapping  : Mapped URL path [/webjars/**] onto handler of type [class org.springframework.web.servlet.resource.ResourceHttpRequestHandler]
2018-02-16 22:38:15.175  INFO 77891 --- [main] o.s.w.s.handler.SimpleUrlHandlerMapping  : Mapped URL path [/**] onto handler of type [class org.springframework.web.servlet.resource.ResourceHttpRequestHandler]
2018-02-16 22:38:15.232  INFO 77891 --- [main] o.s.w.s.handler.SimpleUrlHandlerMapping  : Mapped URL path [/**/favicon.ico] onto handler of type [class org.springframework.web.servlet.resource.ResourceHttpRequestHandler]
2018-02-16 22:38:15.537  INFO 77891 --- [main] b.a.s.AuthenticationManagerConfiguration : 

Using default security password: 6e20eb17-b2b8-4df8-82b2-4eb5aa43310f

2018-02-16 22:38:15.601  INFO 77891 --- [main] o.s.s.web.DefaultSecurityFilterChain     : Creating filter chain: OrRequestMatcher [requestMatchers=[Ant [pattern='/css/**'], Ant [pattern='/js/**'], Ant [pattern='/images/**'], Ant [pattern='/webjars/**'], Ant [pattern='/**/favicon.ico'], Ant [pattern='/error']]], []
2018-02-16 22:38:16.013  INFO 77891 --- [main] o.s.b.a.e.mvc.EndpointHandlerMapping     : Mapped "{[/env/{name:.*}],methods=[GET],produces=[application/vnd.spring-boot.actuator.v1+json || application/json]}" onto public java.lang.Object org.springframework.boot.actuate.endpoint.mvc.EnvironmentMvcEndpoint.value(java.lang.String)
2018-02-16 22:38:16.014  INFO 77891 --- [main] o.s.b.a.e.mvc.EndpointHandlerMapping     : Mapped "{[/env || /env.json],methods=[GET],produces=[application/vnd.spring-boot.actuator.v1+json || application/json]}" onto public java.lang.Object org.springframework.boot.actuate.endpoint.mvc.EndpointMvcAdapter.invoke()
2018-02-16 22:38:16.015  INFO 77891 --- [main] o.s.b.a.e.mvc.EndpointHandlerMapping     : Mapped "{[/logfile || /logfile.json],methods=[GET || HEAD]}" onto public void org.springframework.boot.actuate.endpoint.mvc.LogFileMvcEndpoint.invoke(javax.servlet.http.HttpServletRequest,javax.servlet.http.HttpServletResponse) throws javax.servlet.ServletException,java.io.IOException
2018-02-16 22:38:16.018  INFO 77891 --- [main] o.s.b.a.e.mvc.EndpointHandlerMapping     : Mapped "{[/beans || /beans.json],methods=[GET],produces=[application/vnd.spring-boot.actuator.v1+json || application/json]}" onto public java.lang.Object org.springframework.boot.actuate.endpoint.mvc.EndpointMvcAdapter.invoke()
2018-02-16 22:38:16.019  INFO 77891 --- [main] o.s.b.a.e.mvc.EndpointHandlerMapping     : Mapped "{[/dump || /dump.json],methods=[GET],produces=[application/vnd.spring-boot.actuator.v1+json || application/json]}" onto public java.lang.Object org.springframework.boot.actuate.endpoint.mvc.EndpointMvcAdapter.invoke()
2018-02-16 22:38:16.020  INFO 77891 --- [main] o.s.b.a.e.mvc.EndpointHandlerMapping     : Mapped "{[/auditevents || /auditevents.json],methods=[GET],produces=[application/vnd.spring-boot.actuator.v1+json || application/json]}" onto public org.springframework.http.ResponseEntity<?> org.springframework.boot.actuate.endpoint.mvc.AuditEventsMvcEndpoint.findByPrincipalAndAfterAndType(java.lang.String,java.util.Date,java.lang.String)
2018-02-16 22:38:16.022  INFO 77891 --- [main] o.s.b.a.e.mvc.EndpointHandlerMapping     : Mapped "{[/health || /health.json],methods=[GET],produces=[application/vnd.spring-boot.actuator.v1+json || application/json]}" onto public java.lang.Object org.springframework.boot.actuate.endpoint.mvc.HealthMvcEndpoint.invoke(javax.servlet.http.HttpServletRequest,java.security.Principal)
2018-02-16 22:38:16.023  INFO 77891 --- [main] o.s.b.a.e.mvc.EndpointHandlerMapping     : Mapped "{[/autoconfig || /autoconfig.json],methods=[GET],produces=[application/vnd.spring-boot.actuator.v1+json || application/json]}" onto public java.lang.Object org.springframework.boot.actuate.endpoint.mvc.EndpointMvcAdapter.invoke()
2018-02-16 22:38:16.024  INFO 77891 --- [main] o.s.b.a.e.mvc.EndpointHandlerMapping     : Mapped "{[/configprops || /configprops.json],methods=[GET],produces=[application/vnd.spring-boot.actuator.v1+json || application/json]}" onto public java.lang.Object org.springframework.boot.actuate.endpoint.mvc.EndpointMvcAdapter.invoke()
2018-02-16 22:38:16.025  INFO 77891 --- [main] o.s.b.a.e.mvc.EndpointHandlerMapping     : Mapped "{[/heapdump || /heapdump.json],methods=[GET],produces=[application/octet-stream]}" onto public void org.springframework.boot.actuate.endpoint.mvc.HeapdumpMvcEndpoint.invoke(boolean,javax.servlet.http.HttpServletRequest,javax.servlet.http.HttpServletResponse) throws java.io.IOException,javax.servlet.ServletException
2018-02-16 22:38:16.026  INFO 77891 --- [main] o.s.b.a.e.mvc.EndpointHandlerMapping     : Mapped "{[/mappings || /mappings.json],methods=[GET],produces=[application/vnd.spring-boot.actuator.v1+json || application/json]}" onto public java.lang.Object org.springframework.boot.actuate.endpoint.mvc.EndpointMvcAdapter.invoke()
2018-02-16 22:38:16.027  INFO 77891 --- [main] o.s.b.a.e.mvc.EndpointHandlerMapping     : Mapped "{[/trace || /trace.json],methods=[GET],produces=[application/vnd.spring-boot.actuator.v1+json || application/json]}" onto public java.lang.Object org.springframework.boot.actuate.endpoint.mvc.EndpointMvcAdapter.invoke()
2018-02-16 22:38:16.029  INFO 77891 --- [main] o.s.b.a.e.mvc.EndpointHandlerMapping     : Mapped "{[/loggers/{name:.*}],methods=[GET],produces=[application/vnd.spring-boot.actuator.v1+json || application/json]}" onto public java.lang.Object org.springframework.boot.actuate.endpoint.mvc.LoggersMvcEndpoint.get(java.lang.String)
2018-02-16 22:38:16.029  INFO 77891 --- [main] o.s.b.a.e.mvc.EndpointHandlerMapping     : Mapped "{[/loggers/{name:.*}],methods=[POST],consumes=[application/vnd.spring-boot.actuator.v1+json || application/json],produces=[application/vnd.spring-boot.actuator.v1+json || application/json]}" onto public java.lang.Object org.springframework.boot.actuate.endpoint.mvc.LoggersMvcEndpoint.set(java.lang.String,java.util.Map<java.lang.String, java.lang.String>)
2018-02-16 22:38:16.030  INFO 77891 --- [main] o.s.b.a.e.mvc.EndpointHandlerMapping     : Mapped "{[/loggers || /loggers.json],methods=[GET],produces=[application/vnd.spring-boot.actuator.v1+json || application/json]}" onto public java.lang.Object org.springframework.boot.actuate.endpoint.mvc.EndpointMvcAdapter.invoke()
2018-02-16 22:38:16.032  INFO 77891 --- [main] o.s.b.a.e.mvc.EndpointHandlerMapping     : Mapped "{[/metrics/{name:.*}],methods=[GET],produces=[application/vnd.spring-boot.actuator.v1+json || application/json]}" onto public java.lang.Object org.springframework.boot.actuate.endpoint.mvc.MetricsMvcEndpoint.value(java.lang.String)
2018-02-16 22:38:16.032  INFO 77891 --- [main] o.s.b.a.e.mvc.EndpointHandlerMapping     : Mapped "{[/metrics || /metrics.json],methods=[GET],produces=[application/vnd.spring-boot.actuator.v1+json || application/json]}" onto public java.lang.Object org.springframework.boot.actuate.endpoint.mvc.EndpointMvcAdapter.invoke()
2018-02-16 22:38:16.034  INFO 77891 --- [main] o.s.b.a.e.mvc.EndpointHandlerMapping     : Mapped "{[/info || /info.json],methods=[GET],produces=[application/vnd.spring-boot.actuator.v1+json || application/json]}" onto public java.lang.Object org.springframework.boot.actuate.endpoint.mvc.EndpointMvcAdapter.invoke()
2018-02-16 22:38:16.036  INFO 77891 --- [main] o.s.s.web.DefaultSecurityFilterChain     : Creating filter chain: org.springframework.boot.actuate.autoconfigure.ManagementWebSecurityAutoConfiguration$LazyEndpointPathRequestMatcher@2fb48970, [org.springframework.security.web.context.request.async.WebAsyncManagerIntegrationFilter@4e8d9bb6, org.springframework.security.web.context.SecurityContextPersistenceFilter@7b4b8199, org.springframework.security.web.header.HeaderWriterFilter@4a833595, org.springframework.web.filter.CorsFilter@3de56885, org.springframework.security.web.authentication.logout.LogoutFilter@7bc2bb58, org.springframework.security.web.authentication.www.BasicAuthenticationFilter@37a3ec27, org.springframework.security.web.savedrequest.RequestCacheAwareFilter@6fced25c, org.springframework.security.web.servletapi.SecurityContextHolderAwareRequestFilter@40b31a16, org.springframework.security.web.authentication.AnonymousAuthenticationFilter@2673487b, org.springframework.security.web.session.SessionManagementFilter@156324b, org.springframework.security.web.access.ExceptionTranslationFilter@ff1f465, org.springframework.security.web.access.intercept.FilterSecurityInterceptor@4540c7]
2018-02-16 22:38:16.050  INFO 77891 --- [main] o.s.s.web.DefaultSecurityFilterChain     : Creating filter chain: org.springframework.boot.autoconfigure.security.SpringBootWebSecurityConfiguration$ApplicationNoWebSecurityConfigurerAdapter$1@48277712, [org.springframework.security.web.context.request.async.WebAsyncManagerIntegrationFilter@3d53e876, org.springframework.security.web.context.SecurityContextPersistenceFilter@22aefae0, org.springframework.security.web.header.HeaderWriterFilter@56b05bd7, org.springframework.security.web.csrf.CsrfFilter@485c84d7, org.springframework.security.web.authentication.logout.LogoutFilter@1d8be7b9, org.springframework.security.web.savedrequest.RequestCacheAwareFilter@20faaf77, org.springframework.security.web.servletapi.SecurityContextHolderAwareRequestFilter@7440265c, org.springframework.security.web.authentication.AnonymousAuthenticationFilter@48d44b46, org.springframework.security.web.session.SessionManagementFilter@3e4afd10, org.springframework.security.web.access.ExceptionTranslationFilter@632c3f55]
2018-02-16 22:38:16.447  INFO 77891 --- [main] c.s.library.test.BookControllerTest      : Started BookControllerTest in 7.212 seconds (JVM running for 8.068)
2018-02-16 22:38:16.554  INFO 77891 --- [main] o.s.b.t.m.w.SpringBootMockServletContext : Initializing Spring FrameworkServlet ''
2018-02-16 22:38:16.554  INFO 77891 --- [main] o.s.t.web.servlet.TestDispatcherServlet  : FrameworkServlet '': initialization started
2018-02-16 22:38:16.572  INFO 77891 --- [main] o.s.t.web.servlet.TestDispatcherServlet  : FrameworkServlet '': initialization completed in 18 ms
2018-02-16 22:38:16.869  INFO 77891 --- [main] c.s.library.api.rest.BookController      : ResourceNotFoundException handler:resource not found
2018-02-16 22:38:16.904  INFO 77891 --- [Thread-3] o.s.w.c.s.GenericWebApplicationContext   : Closing org.springframework.web.context.support.GenericWebApplicationContext@45d84a20: startup date [Fri Feb 16 22:38:09 EST 2018]; root of context hierarchy
2018-02-16 22:38:16.924  INFO 77891 --- [Thread-3] j.LocalContainerEntityManagerFactoryBean : Closing JPA EntityManagerFactory for persistence unit 'default'
2018-02-16 22:38:16.925  INFO 77891 --- [Thread-3] org.hibernate.tool.hbm2ddl.SchemaExport  : HHH000227: Running hbm2ddl schema export
2018-02-16 22:38:16.933  INFO 77891 --- [Thread-3] org.hibernate.tool.hbm2ddl.SchemaExport  : HHH000230: Schema export complete
2018-02-16 22:55:36.205  INFO 78022 --- [main] c.s.library.test.BookControllerTest      : Starting BookControllerTest on Sathishs-Mac-mini.local with PID 78022 (started by sathishvijayakumar in /Users/sathishvijayakumar/Documents/workspace/libraryapi)
2018-02-16 22:55:36.207  INFO 78022 --- [main] c.s.library.test.BookControllerTest      : The following profiles are active: test
2018-02-16 22:55:36.268  INFO 78022 --- [main] o.s.w.c.s.GenericWebApplicationContext   : Refreshing org.springframework.web.context.support.GenericWebApplicationContext@45d84a20: startup date [Fri Feb 16 22:55:36 EST 2018]; root of context hierarchy
2018-02-16 22:55:39.100  INFO 78022 --- [main] j.LocalContainerEntityManagerFactoryBean : Building JPA container EntityManagerFactory for persistence unit 'default'
2018-02-16 22:55:39.131  INFO 78022 --- [main] o.hibernate.jpa.internal.util.LogHelper  : HHH000204: Processing PersistenceUnitInfo [
	name: default
	...]
2018-02-16 22:55:39.244  INFO 78022 --- [main] org.hibernate.Version                    : HHH000412: Hibernate Core {5.0.12.Final}
2018-02-16 22:55:39.246  INFO 78022 --- [main] org.hibernate.cfg.Environment            : HHH000206: hibernate.properties not found
2018-02-16 22:55:39.248  INFO 78022 --- [main] org.hibernate.cfg.Environment            : HHH000021: Bytecode provider name : javassist
2018-02-16 22:55:39.298  INFO 78022 --- [main] o.hibernate.annotations.common.Version   : HCANN000001: Hibernate Commons Annotations {5.0.1.Final}
2018-02-16 22:55:39.426  INFO 78022 --- [main] org.hibernate.dialect.Dialect            : HHH000400: Using dialect: org.hibernate.dialect.H2Dialect
2018-02-16 22:55:40.216  INFO 78022 --- [main] org.hibernate.tool.hbm2ddl.SchemaExport  : HHH000227: Running hbm2ddl schema export
2018-02-16 22:55:40.248  INFO 78022 --- [main] org.hibernate.tool.hbm2ddl.SchemaExport  : HHH000230: Schema export complete
2018-02-16 22:55:40.292  INFO 78022 --- [main] j.LocalContainerEntityManagerFactoryBean : Initialized JPA EntityManagerFactory for persistence unit 'default'
2018-02-16 22:55:41.402  INFO 78022 --- [main] s.w.s.m.m.a.RequestMappingHandlerAdapter : Looking for @ControllerAdvice: org.springframework.web.context.support.GenericWebApplicationContext@45d84a20: startup date [Fri Feb 16 22:55:36 EST 2018]; root of context hierarchy
2018-02-16 22:55:41.503  INFO 78022 --- [main] s.w.s.m.m.a.RequestMappingHandlerMapping : Mapped "{[/library/books],methods=[GET],produces=[application/json || application/xml]}" onto public org.springframework.data.domain.Page<com.sathish.library.domain.Book> com.sathish.library.api.rest.BookController.getAllBook(java.lang.Integer,java.lang.Integer,javax.servlet.http.HttpServletRequest,javax.servlet.http.HttpServletResponse)
2018-02-16 22:55:41.505  INFO 78022 --- [main] s.w.s.m.m.a.RequestMappingHandlerMapping : Mapped "{[/library/books/{id}],methods=[GET],produces=[application/json || application/xml]}" onto public com.sathish.library.domain.Book com.sathish.library.api.rest.BookController.getBook(java.lang.Long,javax.servlet.http.HttpServletRequest,javax.servlet.http.HttpServletResponse) throws java.lang.Exception
2018-02-16 22:55:41.507  INFO 78022 --- [main] s.w.s.m.m.a.RequestMappingHandlerMapping : Mapped "{[/library/books/{id}],methods=[PUT],consumes=[application/json || application/xml],produces=[application/json || application/xml]}" onto public void com.sathish.library.api.rest.BookController.updateBook(java.lang.Long,com.sathish.library.domain.Book,javax.servlet.http.HttpServletRequest,javax.servlet.http.HttpServletResponse)
2018-02-16 22:55:41.508  INFO 78022 --- [main] s.w.s.m.m.a.RequestMappingHandlerMapping : Mapped "{[/library/books/{id}],methods=[DELETE],produces=[application/json || application/xml]}" onto public void com.sathish.library.api.rest.BookController.deleteBook(java.lang.Long,javax.servlet.http.HttpServletRequest,javax.servlet.http.HttpServletResponse)
2018-02-16 22:55:41.509  INFO 78022 --- [main] s.w.s.m.m.a.RequestMappingHandlerMapping : Mapped "{[/library/books],methods=[POST],consumes=[application/json || application/xml],produces=[application/json || application/xml]}" onto public void com.sathish.library.api.rest.BookController.createBook(com.sathish.library.domain.Book,javax.servlet.http.HttpServletRequest,javax.servlet.http.HttpServletResponse)
2018-02-16 22:55:41.512  INFO 78022 --- [main] s.w.s.m.m.a.RequestMappingHandlerMapping : Mapped "{[/library/members/{id}],methods=[GET],produces=[application/json || application/xml]}" onto public com.sathish.library.domain.Member com.sathish.library.api.rest.MemberController.getMember(java.lang.Long,javax.servlet.http.HttpServletRequest,javax.servlet.http.HttpServletResponse) throws java.lang.Exception
2018-02-16 22:55:41.513  INFO 78022 --- [main] s.w.s.m.m.a.RequestMappingHandlerMapping : Mapped "{[/library/members],methods=[POST],consumes=[application/json || application/xml],produces=[application/json || application/xml]}" onto public void com.sathish.library.api.rest.MemberController.createMember(com.sathish.library.domain.Member,javax.servlet.http.HttpServletRequest,javax.servlet.http.HttpServletResponse)
2018-02-16 22:55:41.515  INFO 78022 --- [main] s.w.s.m.m.a.RequestMappingHandlerMapping : Mapped "{[/library/members],methods=[GET],produces=[application/json || application/xml]}" onto public org.springframework.data.domain.Page<com.sathish.library.domain.Member> com.sathish.library.api.rest.MemberController.getAllMember(java.lang.Integer,java.lang.Integer,javax.servlet.http.HttpServletRequest,javax.servlet.http.HttpServletResponse)
2018-02-16 22:55:41.517  INFO 78022 --- [main] s.w.s.m.m.a.RequestMappingHandlerMapping : Mapped "{[/library/members/{id}],methods=[PUT],consumes=[application/json || application/xml],produces=[application/json || application/xml]}" onto public void com.sathish.library.api.rest.MemberController.updateMember(java.lang.Long,com.sathish.library.domain.Member,javax.servlet.http.HttpServletRequest,javax.servlet.http.HttpServletResponse)
2018-02-16 22:55:41.517  INFO 78022 --- [main] s.w.s.m.m.a.RequestMappingHandlerMapping : Mapped "{[/library/members/{id}],methods=[DELETE],produces=[application/json || application/xml]}" onto public void com.sathish.library.api.rest.MemberController.deleteMember(java.lang.Long,javax.servlet.http.HttpServletRequest,javax.servlet.http.HttpServletResponse)
2018-02-16 22:55:41.519  INFO 78022 --- [main] s.w.s.m.m.a.RequestMappingHandlerMapping : Mapped "{[/error]}" onto public org.springframework.http.ResponseEntity<java.util.Map<java.lang.String, java.lang.Object>> org.springframework.boot.autoconfigure.web.BasicErrorController.error(javax.servlet.http.HttpServletRequest)
2018-02-16 22:55:41.520  INFO 78022 --- [main] s.w.s.m.m.a.RequestMappingHandlerMapping : Mapped "{[/error],produces=[text/html]}" onto public org.springframework.web.servlet.ModelAndView org.springframework.boot.autoconfigure.web.BasicErrorController.errorHtml(javax.servlet.http.HttpServletRequest,javax.servlet.http.HttpServletResponse)
2018-02-16 22:55:41.569  INFO 78022 --- [main] o.s.w.s.handler.SimpleUrlHandlerMapping  : Mapped URL path [/webjars/**] onto handler of type [class org.springframework.web.servlet.resource.ResourceHttpRequestHandler]
2018-02-16 22:55:41.570  INFO 78022 --- [main] o.s.w.s.handler.SimpleUrlHandlerMapping  : Mapped URL path [/**] onto handler of type [class org.springframework.web.servlet.resource.ResourceHttpRequestHandler]
2018-02-16 22:55:41.627  INFO 78022 --- [main] o.s.w.s.handler.SimpleUrlHandlerMapping  : Mapped URL path [/**/favicon.ico] onto handler of type [class org.springframework.web.servlet.resource.ResourceHttpRequestHandler]
2018-02-16 22:55:41.939  INFO 78022 --- [main] b.a.s.AuthenticationManagerConfiguration : 

Using default security password: 6ea219ad-1d2f-4757-9b37-abb92b9c46e2

2018-02-16 22:55:42.010  INFO 78022 --- [main] o.s.s.web.DefaultSecurityFilterChain     : Creating filter chain: OrRequestMatcher [requestMatchers=[Ant [pattern='/css/**'], Ant [pattern='/js/**'], Ant [pattern='/images/**'], Ant [pattern='/webjars/**'], Ant [pattern='/**/favicon.ico'], Ant [pattern='/error']]], []
2018-02-16 22:55:42.405  INFO 78022 --- [main] o.s.b.a.e.mvc.EndpointHandlerMapping     : Mapped "{[/health || /health.json],methods=[GET],produces=[application/vnd.spring-boot.actuator.v1+json || application/json]}" onto public java.lang.Object org.springframework.boot.actuate.endpoint.mvc.HealthMvcEndpoint.invoke(javax.servlet.http.HttpServletRequest,java.security.Principal)
2018-02-16 22:55:42.406  INFO 78022 --- [main] o.s.b.a.e.mvc.EndpointHandlerMapping     : Mapped "{[/configprops || /configprops.json],methods=[GET],produces=[application/vnd.spring-boot.actuator.v1+json || application/json]}" onto public java.lang.Object org.springframework.boot.actuate.endpoint.mvc.EndpointMvcAdapter.invoke()
2018-02-16 22:55:42.408  INFO 78022 --- [main] o.s.b.a.e.mvc.EndpointHandlerMapping     : Mapped "{[/logfile || /logfile.json],methods=[GET || HEAD]}" onto public void org.springframework.boot.actuate.endpoint.mvc.LogFileMvcEndpoint.invoke(javax.servlet.http.HttpServletRequest,javax.servlet.http.HttpServletResponse) throws javax.servlet.ServletException,java.io.IOException
2018-02-16 22:55:42.410  INFO 78022 --- [main] o.s.b.a.e.mvc.EndpointHandlerMapping     : Mapped "{[/autoconfig || /autoconfig.json],methods=[GET],produces=[application/vnd.spring-boot.actuator.v1+json || application/json]}" onto public java.lang.Object org.springframework.boot.actuate.endpoint.mvc.EndpointMvcAdapter.invoke()
2018-02-16 22:55:42.412  INFO 78022 --- [main] o.s.b.a.e.mvc.EndpointHandlerMapping     : Mapped "{[/heapdump || /heapdump.json],methods=[GET],produces=[application/octet-stream]}" onto public void org.springframework.boot.actuate.endpoint.mvc.HeapdumpMvcEndpoint.invoke(boolean,javax.servlet.http.HttpServletRequest,javax.servlet.http.HttpServletResponse) throws java.io.IOException,javax.servlet.ServletException
2018-02-16 22:55:42.413  INFO 78022 --- [main] o.s.b.a.e.mvc.EndpointHandlerMapping     : Mapped "{[/mappings || /mappings.json],methods=[GET],produces=[application/vnd.spring-boot.actuator.v1+json || application/json]}" onto public java.lang.Object org.springframework.boot.actuate.endpoint.mvc.EndpointMvcAdapter.invoke()
2018-02-16 22:55:42.414  INFO 78022 --- [main] o.s.b.a.e.mvc.EndpointHandlerMapping     : Mapped "{[/metrics/{name:.*}],methods=[GET],produces=[application/vnd.spring-boot.actuator.v1+json || application/json]}" onto public java.lang.Object org.springframework.boot.actuate.endpoint.mvc.MetricsMvcEndpoint.value(java.lang.String)
2018-02-16 22:55:42.415  INFO 78022 --- [main] o.s.b.a.e.mvc.EndpointHandlerMapping     : Mapped "{[/metrics || /metrics.json],methods=[GET],produces=[application/vnd.spring-boot.actuator.v1+json || application/json]}" onto public java.lang.Object org.springframework.boot.actuate.endpoint.mvc.EndpointMvcAdapter.invoke()
2018-02-16 22:55:42.416  INFO 78022 --- [main] o.s.b.a.e.mvc.EndpointHandlerMapping     : Mapped "{[/dump || /dump.json],methods=[GET],produces=[application/vnd.spring-boot.actuator.v1+json || application/json]}" onto public java.lang.Object org.springframework.boot.actuate.endpoint.mvc.EndpointMvcAdapter.invoke()
2018-02-16 22:55:42.418  INFO 78022 --- [main] o.s.b.a.e.mvc.EndpointHandlerMapping     : Mapped "{[/trace || /trace.json],methods=[GET],produces=[application/vnd.spring-boot.actuator.v1+json || application/json]}" onto public java.lang.Object org.springframework.boot.actuate.endpoint.mvc.EndpointMvcAdapter.invoke()
2018-02-16 22:55:42.420  INFO 78022 --- [main] o.s.b.a.e.mvc.EndpointHandlerMapping     : Mapped "{[/beans || /beans.json],methods=[GET],produces=[application/vnd.spring-boot.actuator.v1+json || application/json]}" onto public java.lang.Object org.springframework.boot.actuate.endpoint.mvc.EndpointMvcAdapter.invoke()
2018-02-16 22:55:42.422  INFO 78022 --- [main] o.s.b.a.e.mvc.EndpointHandlerMapping     : Mapped "{[/auditevents || /auditevents.json],methods=[GET],produces=[application/vnd.spring-boot.actuator.v1+json || application/json]}" onto public org.springframework.http.ResponseEntity<?> org.springframework.boot.actuate.endpoint.mvc.AuditEventsMvcEndpoint.findByPrincipalAndAfterAndType(java.lang.String,java.util.Date,java.lang.String)
2018-02-16 22:55:42.423  INFO 78022 --- [main] o.s.b.a.e.mvc.EndpointHandlerMapping     : Mapped "{[/info || /info.json],methods=[GET],produces=[application/vnd.spring-boot.actuator.v1+json || application/json]}" onto public java.lang.Object org.springframework.boot.actuate.endpoint.mvc.EndpointMvcAdapter.invoke()
2018-02-16 22:55:42.425  INFO 78022 --- [main] o.s.b.a.e.mvc.EndpointHandlerMapping     : Mapped "{[/loggers/{name:.*}],methods=[GET],produces=[application/vnd.spring-boot.actuator.v1+json || application/json]}" onto public java.lang.Object org.springframework.boot.actuate.endpoint.mvc.LoggersMvcEndpoint.get(java.lang.String)
2018-02-16 22:55:42.426  INFO 78022 --- [main] o.s.b.a.e.mvc.EndpointHandlerMapping     : Mapped "{[/loggers/{name:.*}],methods=[POST],consumes=[application/vnd.spring-boot.actuator.v1+json || application/json],produces=[application/vnd.spring-boot.actuator.v1+json || application/json]}" onto public java.lang.Object org.springframework.boot.actuate.endpoint.mvc.LoggersMvcEndpoint.set(java.lang.String,java.util.Map<java.lang.String, java.lang.String>)
2018-02-16 22:55:42.426  INFO 78022 --- [main] o.s.b.a.e.mvc.EndpointHandlerMapping     : Mapped "{[/loggers || /loggers.json],methods=[GET],produces=[application/vnd.spring-boot.actuator.v1+json || application/json]}" onto public java.lang.Object org.springframework.boot.actuate.endpoint.mvc.EndpointMvcAdapter.invoke()
2018-02-16 22:55:42.428  INFO 78022 --- [main] o.s.b.a.e.mvc.EndpointHandlerMapping     : Mapped "{[/env/{name:.*}],methods=[GET],produces=[application/vnd.spring-boot.actuator.v1+json || application/json]}" onto public java.lang.Object org.springframework.boot.actuate.endpoint.mvc.EnvironmentMvcEndpoint.value(java.lang.String)
2018-02-16 22:55:42.429  INFO 78022 --- [main] o.s.b.a.e.mvc.EndpointHandlerMapping     : Mapped "{[/env || /env.json],methods=[GET],produces=[application/vnd.spring-boot.actuator.v1+json || application/json]}" onto public java.lang.Object org.springframework.boot.actuate.endpoint.mvc.EndpointMvcAdapter.invoke()
2018-02-16 22:55:42.431  INFO 78022 --- [main] o.s.s.web.DefaultSecurityFilterChain     : Creating filter chain: org.springframework.boot.actuate.autoconfigure.ManagementWebSecurityAutoConfiguration$LazyEndpointPathRequestMatcher@7752c0e7, [org.springframework.security.web.context.request.async.WebAsyncManagerIntegrationFilter@77ba583, org.springframework.security.web.context.SecurityContextPersistenceFilter@4a833595, org.springframework.security.web.header.HeaderWriterFilter@54defd69, org.springframework.web.filter.CorsFilter@5613247e, org.springframework.security.web.authentication.logout.LogoutFilter@1de73d37, org.springframework.security.web.authentication.www.BasicAuthenticationFilter@3f1158ee, org.springframework.security.web.savedrequest.RequestCacheAwareFilter@49122853, org.springframework.security.web.servletapi.SecurityContextHolderAwareRequestFilter@38a38ed4, org.springframework.security.web.authentication.AnonymousAuthenticationFilter@6851b296, org.springframework.security.web.session.SessionManagementFilter@3d88ce0e, org.springframework.security.web.access.ExceptionTranslationFilter@55638165, org.springframework.security.web.access.intercept.FilterSecurityInterceptor@23469199]
2018-02-16 22:55:42.448  INFO 78022 --- [main] o.s.s.web.DefaultSecurityFilterChain     : Creating filter chain: org.springframework.boot.autoconfigure.security.SpringBootWebSecurityConfiguration$ApplicationNoWebSecurityConfigurerAdapter$1@485c84d7, [org.springframework.security.web.context.request.async.WebAsyncManagerIntegrationFilter@1224e1b6, org.springframework.security.web.context.SecurityContextPersistenceFilter@2f99d8c, org.springframework.security.web.header.HeaderWriterFilter@5c1c9881, org.springframework.security.web.csrf.CsrfFilter@7cdfa824, org.springframework.security.web.authentication.logout.LogoutFilter@6076c66, org.springframework.security.web.savedrequest.RequestCacheAwareFilter@65d7eea4, org.springframework.security.web.servletapi.SecurityContextHolderAwareRequestFilter@5d37aa0f, org.springframework.security.web.authentication.AnonymousAuthenticationFilter@72a3462f, org.springframework.security.web.session.SessionManagementFilter@1c18ee69, org.springframework.security.web.access.ExceptionTranslationFilter@1ddf42dd]
2018-02-16 22:55:42.826  INFO 78022 --- [main] c.s.library.test.BookControllerTest      : Started BookControllerTest in 7.26 seconds (JVM running for 8.082)
2018-02-16 22:55:42.932  INFO 78022 --- [main] o.s.b.t.m.w.SpringBootMockServletContext : Initializing Spring FrameworkServlet ''
2018-02-16 22:55:42.932  INFO 78022 --- [main] o.s.t.web.servlet.TestDispatcherServlet  : FrameworkServlet '': initialization started
2018-02-16 22:55:42.953  INFO 78022 --- [main] o.s.t.web.servlet.TestDispatcherServlet  : FrameworkServlet '': initialization completed in 20 ms
2018-02-16 22:55:43.257  INFO 78022 --- [main] c.s.library.api.rest.BookController      : ResourceNotFoundException handler:resource not found
2018-02-16 22:55:43.277  INFO 78022 --- [Thread-3] o.s.w.c.s.GenericWebApplicationContext   : Closing org.springframework.web.context.support.GenericWebApplicationContext@45d84a20: startup date [Fri Feb 16 22:55:36 EST 2018]; root of context hierarchy
2018-02-16 22:55:43.287  INFO 78022 --- [Thread-3] j.LocalContainerEntityManagerFactoryBean : Closing JPA EntityManagerFactory for persistence unit 'default'
2018-02-16 22:55:43.287  INFO 78022 --- [Thread-3] org.hibernate.tool.hbm2ddl.SchemaExport  : HHH000227: Running hbm2ddl schema export
2018-02-16 22:55:43.307  INFO 78022 --- [Thread-3] org.hibernate.tool.hbm2ddl.SchemaExport  : HHH000230: Schema export complete
